Aug 06 2023 22:47:25
{"type":8192,"message":"Return type of SkyVerge\\WooCommerce\\PluginFramework\\v5_10_0\\SV_WC_DateTime::getTimestamp() should either be compatible with DateTime::getTimestamp(): int, or the #[\\ReturnTypeWillChange] attribute should be used to temporarily suppress the notice","file":"C:\\Users\\maxim\\Local Sites\\projet-7\\app\\public\\wp-content\\plugins\\facebook-for-woocommerce\\vendor\\skyverge\\wc-plugin-framework\\woocommerce\\compatibility\\class-sv-wc-datetime.php","line":85}

Aug 06 2023 22:47:25
{"type":8192,"message":"Return type of SkyVerge\\WooCommerce\\PluginFramework\\v5_10_0\\SV_WC_DateTime::getTimestamp() should either be compatible with DateTime::getTimestamp(): int, or the #[\\ReturnTypeWillChange] attribute should be used to temporarily suppress the notice","file":"C:\\Users\\maxim\\Local Sites\\projet-7\\app\\public\\wp-content\\plugins\\facebook-for-woocommerce\\vendor\\skyverge\\wc-plugin-framework\\woocommerce\\compatibility\\class-sv-wc-datetime.php","line":85}

Aug 06 2023 22:47:25
{"type":8192,"message":"Return type of SkyVerge\\WooCommerce\\PluginFramework\\v5_10_0\\SV_WC_DateTime::getTimestamp() should either be compatible with DateTime::getTimestamp(): int, or the #[\\ReturnTypeWillChange] attribute should be used to temporarily suppress the notice","file":"C:\\Users\\maxim\\Local Sites\\projet-7\\app\\public\\wp-content\\plugins\\facebook-for-woocommerce\\vendor\\skyverge\\wc-plugin-framework\\woocommerce\\compatibility\\class-sv-wc-datetime.php","line":85}

Aug 06 2023 22:47:25
{"type":8192,"message":"Return type of SkyVerge\\WooCommerce\\PluginFramework\\v5_10_0\\SV_WC_DateTime::getTimestamp() should either be compatible with DateTime::getTimestamp(): int, or the #[\\ReturnTypeWillChange] attribute should be used to temporarily suppress the notice","file":"C:\\Users\\maxim\\Local Sites\\projet-7\\app\\public\\wp-content\\plugins\\facebook-for-woocommerce\\vendor\\skyverge\\wc-plugin-framework\\woocommerce\\compatibility\\class-sv-wc-datetime.php","line":85}

Aug 06 2023 22:47:26
{"type":8192,"message":"Return type of SkyVerge\\WooCommerce\\PluginFramework\\v5_10_0\\SV_WC_DateTime::getTimestamp() should either be compatible with DateTime::getTimestamp(): int, or the #[\\ReturnTypeWillChange] attribute should be used to temporarily suppress the notice","file":"C:\\Users\\maxim\\Local Sites\\projet-7\\app\\public\\wp-content\\plugins\\facebook-for-woocommerce\\vendor\\skyverge\\wc-plugin-framework\\woocommerce\\compatibility\\class-sv-wc-datetime.php","line":85}

Aug 06 2023 22:47:26
{"type":8192,"message":"Return type of SkyVerge\\WooCommerce\\PluginFramework\\v5_10_0\\SV_WC_DateTime::getTimestamp() should either be compatible with DateTime::getTimestamp(): int, or the #[\\ReturnTypeWillChange] attribute should be used to temporarily suppress the notice","file":"C:\\Users\\maxim\\Local Sites\\projet-7\\app\\public\\wp-content\\plugins\\facebook-for-woocommerce\\vendor\\skyverge\\wc-plugin-framework\\woocommerce\\compatibility\\class-sv-wc-datetime.php","line":85}

Aug 06 2023 22:47:26
{"type":8192,"message":"Return type of SkyVerge\\WooCommerce\\PluginFramework\\v5_10_0\\SV_WC_DateTime::getTimestamp() should either be compatible with DateTime::getTimestamp(): int, or the #[\\ReturnTypeWillChange] attribute should be used to temporarily suppress the notice","file":"C:\\Users\\maxim\\Local Sites\\projet-7\\app\\public\\wp-content\\plugins\\facebook-for-woocommerce\\vendor\\skyverge\\wc-plugin-framework\\woocommerce\\compatibility\\class-sv-wc-datetime.php","line":85}

Aug 06 2023 22:47:27
{"type":8192,"message":"Return type of SkyVerge\\WooCommerce\\PluginFramework\\v5_10_0\\SV_WC_DateTime::getTimestamp() should either be compatible with DateTime::getTimestamp(): int, or the #[\\ReturnTypeWillChange] attribute should be used to temporarily suppress the notice","file":"C:\\Users\\maxim\\Local Sites\\projet-7\\app\\public\\wp-content\\plugins\\facebook-for-woocommerce\\vendor\\skyverge\\wc-plugin-framework\\woocommerce\\compatibility\\class-sv-wc-datetime.php","line":85}

Aug 06 2023 22:47:28
{"type":8192,"message":"Return type of SkyVerge\\WooCommerce\\PluginFramework\\v5_10_0\\SV_WC_DateTime::getTimestamp() should either be compatible with DateTime::getTimestamp(): int, or the #[\\ReturnTypeWillChange] attribute should be used to temporarily suppress the notice","file":"C:\\Users\\maxim\\Local Sites\\projet-7\\app\\public\\wp-content\\plugins\\facebook-for-woocommerce\\vendor\\skyverge\\wc-plugin-framework\\woocommerce\\compatibility\\class-sv-wc-datetime.php","line":85}

Aug 06 2023 22:47:29
{"type":8192,"message":"Return type of SkyVerge\\WooCommerce\\PluginFramework\\v5_10_0\\SV_WC_DateTime::getTimestamp() should either be compatible with DateTime::getTimestamp(): int, or the #[\\ReturnTypeWillChange] attribute should be used to temporarily suppress the notice","file":"C:\\Users\\maxim\\Local Sites\\projet-7\\app\\public\\wp-content\\plugins\\facebook-for-woocommerce\\vendor\\skyverge\\wc-plugin-framework\\woocommerce\\compatibility\\class-sv-wc-datetime.php","line":85}

Aug 06 2023 22:47:30
{"type":8192,"message":"Return type of SkyVerge\\WooCommerce\\PluginFramework\\v5_10_0\\SV_WC_DateTime::getTimestamp() should either be compatible with DateTime::getTimestamp(): int, or the #[\\ReturnTypeWillChange] attribute should be used to temporarily suppress the notice","file":"C:\\Users\\maxim\\Local Sites\\projet-7\\app\\public\\wp-content\\plugins\\facebook-for-woocommerce\\vendor\\skyverge\\wc-plugin-framework\\woocommerce\\compatibility\\class-sv-wc-datetime.php","line":85}

Aug 06 2023 22:47:30
{"type":8192,"message":"Return type of SkyVerge\\WooCommerce\\PluginFramework\\v5_10_0\\SV_WC_DateTime::getTimestamp() should either be compatible with DateTime::getTimestamp(): int, or the #[\\ReturnTypeWillChange] attribute should be used to temporarily suppress the notice","file":"C:\\Users\\maxim\\Local Sites\\projet-7\\app\\public\\wp-content\\plugins\\facebook-for-woocommerce\\vendor\\skyverge\\wc-plugin-framework\\woocommerce\\compatibility\\class-sv-wc-datetime.php","line":85}

Aug 06 2023 22:47:33
{"type":8192,"message":"Return type of SkyVerge\\WooCommerce\\PluginFramework\\v5_10_0\\SV_WC_DateTime::getTimestamp() should either be compatible with DateTime::getTimestamp(): int, or the #[\\ReturnTypeWillChange] attribute should be used to temporarily suppress the notice","file":"C:\\Users\\maxim\\Local Sites\\projet-7\\app\\public\\wp-content\\plugins\\facebook-for-woocommerce\\vendor\\skyverge\\wc-plugin-framework\\woocommerce\\compatibility\\class-sv-wc-datetime.php","line":85}

Aug 06 2023 22:47:34
{"type":8192,"message":"Return type of SkyVerge\\WooCommerce\\PluginFramework\\v5_10_0\\SV_WC_DateTime::getTimestamp() should either be compatible with DateTime::getTimestamp(): int, or the #[\\ReturnTypeWillChange] attribute should be used to temporarily suppress the notice","file":"C:\\Users\\maxim\\Local Sites\\projet-7\\app\\public\\wp-content\\plugins\\facebook-for-woocommerce\\vendor\\skyverge\\wc-plugin-framework\\woocommerce\\compatibility\\class-sv-wc-datetime.php","line":85}

Aug 06 2023 22:47:36
{"type":8192,"message":"Return type of SkyVerge\\WooCommerce\\PluginFramework\\v5_10_0\\SV_WC_DateTime::getTimestamp() should either be compatible with DateTime::getTimestamp(): int, or the #[\\ReturnTypeWillChange] attribute should be used to temporarily suppress the notice","file":"C:\\Users\\maxim\\Local Sites\\projet-7\\app\\public\\wp-content\\plugins\\facebook-for-woocommerce\\vendor\\skyverge\\wc-plugin-framework\\woocommerce\\compatibility\\class-sv-wc-datetime.php","line":85}

Aug 06 2023 22:47:36
{"type":8192,"message":"Return type of SkyVerge\\WooCommerce\\PluginFramework\\v5_10_0\\SV_WC_DateTime::getTimestamp() should either be compatible with DateTime::getTimestamp(): int, or the #[\\ReturnTypeWillChange] attribute should be used to temporarily suppress the notice","file":"C:\\Users\\maxim\\Local Sites\\projet-7\\app\\public\\wp-content\\plugins\\facebook-for-woocommerce\\vendor\\skyverge\\wc-plugin-framework\\woocommerce\\compatibility\\class-sv-wc-datetime.php","line":85}

Aug 06 2023 22:47:40
{"type":8192,"message":"Return type of SkyVerge\\WooCommerce\\PluginFramework\\v5_10_0\\SV_WC_DateTime::getTimestamp() should either be compatible with DateTime::getTimestamp(): int, or the #[\\ReturnTypeWillChange] attribute should be used to temporarily suppress the notice","file":"C:\\Users\\maxim\\Local Sites\\projet-7\\app\\public\\wp-content\\plugins\\facebook-for-woocommerce\\vendor\\skyverge\\wc-plugin-framework\\woocommerce\\compatibility\\class-sv-wc-datetime.php","line":85}

Aug 06 2023 22:47:47
{"type":8192,"message":"Return type of SkyVerge\\WooCommerce\\PluginFramework\\v5_10_0\\SV_WC_DateTime::getTimestamp() should either be compatible with DateTime::getTimestamp(): int, or the #[\\ReturnTypeWillChange] attribute should be used to temporarily suppress the notice","file":"C:\\Users\\maxim\\Local Sites\\projet-7\\app\\public\\wp-content\\plugins\\facebook-for-woocommerce\\vendor\\skyverge\\wc-plugin-framework\\woocommerce\\compatibility\\class-sv-wc-datetime.php","line":85}

Aug 06 2023 22:47:47
{"type":8192,"message":"Return type of SkyVerge\\WooCommerce\\PluginFramework\\v5_10_0\\SV_WC_DateTime::getTimestamp() should either be compatible with DateTime::getTimestamp(): int, or the #[\\ReturnTypeWillChange] attribute should be used to temporarily suppress the notice","file":"C:\\Users\\maxim\\Local Sites\\projet-7\\app\\public\\wp-content\\plugins\\facebook-for-woocommerce\\vendor\\skyverge\\wc-plugin-framework\\woocommerce\\compatibility\\class-sv-wc-datetime.php","line":85}

Aug 06 2023 22:47:51
{"type":8192,"message":"Return type of SkyVerge\\WooCommerce\\PluginFramework\\v5_10_0\\SV_WC_DateTime::getTimestamp() should either be compatible with DateTime::getTimestamp(): int, or the #[\\ReturnTypeWillChange] attribute should be used to temporarily suppress the notice","file":"C:\\Users\\maxim\\Local Sites\\projet-7\\app\\public\\wp-content\\plugins\\facebook-for-woocommerce\\vendor\\skyverge\\wc-plugin-framework\\woocommerce\\compatibility\\class-sv-wc-datetime.php","line":85}

Aug 06 2023 22:47:57
{"type":8192,"message":"Return type of SkyVerge\\WooCommerce\\PluginFramework\\v5_10_0\\SV_WC_DateTime::getTimestamp() should either be compatible with DateTime::getTimestamp(): int, or the #[\\ReturnTypeWillChange] attribute should be used to temporarily suppress the notice","file":"C:\\Users\\maxim\\Local Sites\\projet-7\\app\\public\\wp-content\\plugins\\facebook-for-woocommerce\\vendor\\skyverge\\wc-plugin-framework\\woocommerce\\compatibility\\class-sv-wc-datetime.php","line":85}

Aug 06 2023 22:47:57
{"type":8192,"message":"Return type of SkyVerge\\WooCommerce\\PluginFramework\\v5_10_0\\SV_WC_DateTime::getTimestamp() should either be compatible with DateTime::getTimestamp(): int, or the #[\\ReturnTypeWillChange] attribute should be used to temporarily suppress the notice","file":"C:\\Users\\maxim\\Local Sites\\projet-7\\app\\public\\wp-content\\plugins\\facebook-for-woocommerce\\vendor\\skyverge\\wc-plugin-framework\\woocommerce\\compatibility\\class-sv-wc-datetime.php","line":85}

Aug 06 2023 22:48:01
{"type":8192,"message":"Return type of SkyVerge\\WooCommerce\\PluginFramework\\v5_10_0\\SV_WC_DateTime::getTimestamp() should either be compatible with DateTime::getTimestamp(): int, or the #[\\ReturnTypeWillChange] attribute should be used to temporarily suppress the notice","file":"C:\\Users\\maxim\\Local Sites\\projet-7\\app\\public\\wp-content\\plugins\\facebook-for-woocommerce\\vendor\\skyverge\\wc-plugin-framework\\woocommerce\\compatibility\\class-sv-wc-datetime.php","line":85}

Aug 06 2023 22:48:07
{"Number":8192,"Message":"Return type of ActionScheduler_DateTime::setTimezone($timezone) should either be compatible with DateTime::setTimezone(DateTimeZone $timezone): DateTime, or the #[\\ReturnTypeWillChange] attribute should be used to temporarily suppress the notice","File":"C:\\Users\\maxim\\Local Sites\\projet-7\\app\\public\\wp-content\\plugins\\woocommerce\\packages\\action-scheduler\\classes\\ActionScheduler_DateTime.php","Line":60}

Aug 06 2023 22:48:07
{"Number":8192,"Message":"Return type of ActionScheduler_DateTime::getOffset() should either be compatible with DateTime::getOffset(): int, or the #[\\ReturnTypeWillChange] attribute should be used to temporarily suppress the notice","File":"C:\\Users\\maxim\\Local Sites\\projet-7\\app\\public\\wp-content\\plugins\\woocommerce\\packages\\action-scheduler\\classes\\ActionScheduler_DateTime.php","Line":48}

Aug 06 2023 22:48:07
{"Number":8192,"Message":"Return type of ActionScheduler_DateTime::getTimestamp() should either be compatible with DateTime::getTimestamp(): int, or the #[\\ReturnTypeWillChange] attribute should be used to temporarily suppress the notice","File":"C:\\Users\\maxim\\Local Sites\\projet-7\\app\\public\\wp-content\\plugins\\woocommerce\\packages\\action-scheduler\\classes\\ActionScheduler_DateTime.php","Line":27}

Aug 06 2023 22:48:07
{"Number":8192,"Message":"DateTime::__construct(): Passing null to parameter #1 ($datetime) of type string is deprecated","File":"C:\\Users\\maxim\\Local Sites\\projet-7\\app\\public\\wp-content\\plugins\\woocommerce\\packages\\action-scheduler\\functions.php","Line":316}

Aug 06 2023 22:48:07
{"type":8192,"message":"Return type of SkyVerge\\WooCommerce\\PluginFramework\\v5_10_0\\SV_WC_DateTime::getTimestamp() should either be compatible with DateTime::getTimestamp(): int, or the #[\\ReturnTypeWillChange] attribute should be used to temporarily suppress the notice","file":"C:\\Users\\maxim\\Local Sites\\projet-7\\app\\public\\wp-content\\plugins\\facebook-for-woocommerce\\vendor\\skyverge\\wc-plugin-framework\\woocommerce\\compatibility\\class-sv-wc-datetime.php","line":85}

Aug 06 2023 22:48:08
{"type":8192,"message":"Return type of SkyVerge\\WooCommerce\\PluginFramework\\v5_10_0\\SV_WC_DateTime::getTimestamp() should either be compatible with DateTime::getTimestamp(): int, or the #[\\ReturnTypeWillChange] attribute should be used to temporarily suppress the notice","file":"C:\\Users\\maxim\\Local Sites\\projet-7\\app\\public\\wp-content\\plugins\\facebook-for-woocommerce\\vendor\\skyverge\\wc-plugin-framework\\woocommerce\\compatibility\\class-sv-wc-datetime.php","line":85}

Aug 06 2023 22:48:11
{"Number":2,"Message":"rmdir(C:\\Users\\maxim\\Local Sites\\projet-7\\app\\public\\wp-content\\plugins\\all-in-one-wp-migration\\storage\\zdcac2c264ks): Directory not empty","File":"C:\\Users\\maxim\\Local Sites\\projet-7\\app\\public\\wp-content\\plugins\\all-in-one-wp-migration\\lib\\vendor\\servmask\\filesystem\\class-ai1wm-directory.php","Line":72}

Aug 06 2023 22:48:11
{"type":8192,"message":"Return type of SkyVerge\\WooCommerce\\PluginFramework\\v5_10_0\\SV_WC_DateTime::getTimestamp() should either be compatible with DateTime::getTimestamp(): int, or the #[\\ReturnTypeWillChange] attribute should be used to temporarily suppress the notice","file":"C:\\Users\\maxim\\Local Sites\\projet-7\\app\\public\\wp-content\\plugins\\facebook-for-woocommerce\\vendor\\skyverge\\wc-plugin-framework\\woocommerce\\compatibility\\class-sv-wc-datetime.php","line":85}

Aug 06 2023 22:48:18
{"Number":2,"Message":"filesize(): stat failed for C:\\Users\\maxim\\Local Sites\\projet-7\\app\\public\\wp-content\\plugins\\all-in-one-wp-migration\\storage\\zdcac2c264ks\\localhost-20230806-224725-z1q0rz.wpress","File":"C:\\Users\\maxim\\Local Sites\\projet-7\\app\\public\\wp-content\\plugins\\all-in-one-wp-migration\\lib\\vendor\\servmask\\archiver\\class-ai1wm-archiver.php","Line":231}

Aug 06 2023 22:48:18
{"type":8192,"message":"Return type of SkyVerge\\WooCommerce\\PluginFramework\\v5_10_0\\SV_WC_DateTime::getTimestamp() should either be compatible with DateTime::getTimestamp(): int, or the #[\\ReturnTypeWillChange] attribute should be used to temporarily suppress the notice","file":"C:\\Users\\maxim\\Local Sites\\projet-7\\app\\public\\wp-content\\plugins\\facebook-for-woocommerce\\vendor\\skyverge\\wc-plugin-framework\\woocommerce\\compatibility\\class-sv-wc-datetime.php","line":85}

